[Ara.cat] Èxit i victimisme, la quadratura del cercle andalús
[Ara.cat] De l'Airbus a la maduixa: Andalusia, contra els tòpics
[Ara.cat] Qui es juga què? La guia per no perdre's en les eleccions andaluses
[Ara.cat] De què treballen els immigrants a Catalunya?
[Ara.cat] Són habituals les infiltracions de mossos? Així han intentat endreçar-les els últims anys
[Ara.cat] Un mort en un tiroteig a plena llum del dia a Barcelona
[Ara.cat] "La guerra de l'Iran és un fiasco espectacular per als Estats Units"
[Ara.cat] Un futur incert plana sobre Putin
[Ara.cat] “Quan el 2027 governi la ultradreta, el Barça tornarà a ser l’exèrcit desarmat de Catalunya”
[Ara.cat] El Florentino de Junts que tolera un concert nazi i no va cedir espais per a l'1-O
[Ara.cat] Catalunya, el Port Aventura de l'extrema dreta
[Ara.cat] Bulgària guanya Eurovisió i Israel acaba en segona posició en l'edició més polèmica
[Ara.cat] Javier Bardem nega patir un boicot: “Cada vegada em truquen més per treballar”
[Ara.cat] El Barça amplia el seu regnat per la via ràpida amb una nova Copa
[Ara.cat] Creix la riquesa del país, però no la dels catalans
[Ara.cat] Matí tranquil i tronades durant la tarda
[Ara.cat] Fora complexos: Catalunya blinda el seu patrimoni de còmic
[Ara.cat] El Diari del Còmic
[Ara.cat] La gestió de residus és bona per al medi ambient i l'economia
[Ara.cat] La música clàssica no fa por
[Ara.cat] Resiliència, xarxa i seguretat jurídica per combatre les tensions geopolítiques
[Ara.cat] Al Japó triomfen les 'cases per al plor nocturn': refugis de matinada per a mares que ja no poden més
[Ara.cat] Els últims testimonis de l'exili republicà: "La vida ja mai més va tenir el mateix sentit"
[Ara.cat] Els canvis esperançadors contra l'Alzheimer es volen replicar amb el Parkinson
[Ara.cat] Birra i música, parella de fet a la festa d’Estrella Damm
[Ara.cat] “A Txernòbil et podia matar una poma, un got d’aigua o un bany al riu”
[Ara.cat] Que se'n va fer de Debbie Rowe, la dona que va donar dos fills a Michael Jackson?
[Ara.cat] L'alè igni del drac
[Ara.cat] 10 raons per escollir "Cuina amb el Tatano", el receptari infantil de Bonpreu Esclat
[Ara.cat] L'Església catalana obre la caixa dels trons: qui rellevarà Omella?
[Ara.cat] L'esquerra sobiranista busca la fórmula per frenar l'extrema dreta en una reunió conjunta a Cardedeu
[Ara.cat] Salvador Illa defensa "mesures agressives" per regular el mercat d'habitatge en una entrevista a la CNN
[Ara.cat] Junts cedeix el seu cap de llista a Sabadell a l'exlíder d'ERC
[Ara.cat] Per què a Barcelona no podem parar de parlar del lloc on vivim
[Ara.cat] La Xina, el factor permanent en totes les equacions geopolítiques de Trump
[Ara.cat] Putin està convençut que s'apropa la derrota d'Ucraïna
[Ara.cat] La paradoxa del desarmament: molts libanesos ja no creuen ni en Hezbollah ni en l'estat
[Ara.cat] "La Xina busca que els EUA quedin arraconats pels seus propis errors"
[Ara.cat] Trump assegura que el número dos de l'Estat Islàmic ha estat eliminat
[Ara.cat] Empenta als futurs Clínic i Trueta per eliminar "obstacles burocràtics"
[Ara.cat] "Cerdà proposaria estendre els eixos verds per tota la ciutat"
[Ara.cat] Detinguts tres policies del Canadà per agredir sexualment i pegar a una prostituta a Barcelona
[Ara.cat] Investiguen si un guàrdia civil ha matat la seva dona i el seu fill a Alacant
[Ara.cat] Pressupostos: Catalunya no és (ben bé) Espanya
[Ara.cat] Tarragona, clau perquè els avions no es quedin a terra
[Ara.cat] "El país es dessagna": un dur informe carrega contra l'actual model econòmic català
[Ara.cat] L’últim ball de Lewandowski al Camp Nou
[Ara.cat] Guia del partit Barça-Betis d'aquest diumenge: horari, on es pot veure i alineacions
[Ara.cat] El tot s'hi val de l''Abc' en campanya electoral
[Ara.cat] Els membres del Club Prèmium de l’ARA descobreixen el sabor i les arrels del vi pagès
[Ara.cat] L'anestèsia epidural fa cent anys (1921)
[Ara.cat] Marion Cotillard, una supervivent traumatitzada a l’Alt Empordà
[Ara.cat] Hamaguchi firma la primera obra mestra de Canes 2026
[Ara.cat] Benet Casablancas: "El millor premi és que la música es toqui"
[Ara.cat] 'La vida en espera', un còmic de Paco Roca i Rodrigo Terrasa
[Ara.cat] La sípia amb pèsols de la Montse i la Júlia: “Fer receptes tradicionals, sí. Cuinar com fa cent anys, no cal”
[Ara.cat] La calculadora del drama de l’Espanyol i el Girona: què necessiten per salvar-se?
[Ara.cat] El 'carpe diem' de Virginia Torrecilla: “Alexia ha estat fonamental en la meva vida”
[Ara.cat] La marca de roba catalana que xuclava diners a futbolistes i després no els hi tornava
[Ara.cat] Una cursa extrema fins al deliri: "Un dia em vaig trobar el meu fill de tres anys sol a la carretera"
[Ara.cat] Àlex Márquez guanya en l'esprint més ajustat de la història
[Ara.cat] A la contra
[Ara.cat] De fit a fit
[Ara.cat] La vinyeta
[Ara.cat] Ara que no s'ofengui ningú
[Ara.cat] Veient pel·lis amb la meva filla (1)
[Ara.cat] "Som el veritable motor social del poble": les penyes del Barça que donen vida a viles catalanes
[Ara.cat] Calen cinc hores de cua per a un vestit de graduació?
[Ara.cat] Quan és el teu mig aniversari?
[Ara.cat] "Un país de mileuristes no tira endavant"
[Ara.cat] Els vitralls de Gaudí, com el plor desconsolat del primer amor
[Ara.cat] La política cultural ha de pensar més en la demanda
[Ara.cat] Mars, el discret imperi familiar de la xocolata que factura uns 47.000 M€
[Ara.cat] Quines són les ciutats amb els casals d'estiu més cars?
[Ara.cat] Reunions amb els tutors: què podem preguntar més enllà de les notes
[Ara.cat] El dia que les mares ho cremarem tot
[Ara.cat] Per què els mestres que han fet colònies gratis durant dècades ara diuen prou?
[Ara.cat] Sandra Monge Palladino: “Vosaltres heu nascut a Catalunya, però jo he escollit venir-hi”
[Ara.cat] On menjar a Berlín: del 'currywurst' al kebab passant pel gelat de caviar
[Ara.cat] Els rigatoni farcits de cua de bou amb escamarlans que es mengen en un restaurant amb vistes a la cala del Pi de la Costa Brava
[Ara.cat] "Barcelona em va rebentar. Va ser un curtcircuit mental"
[Ara.cat] Ni de xocolata ni de mango ni de festucs: el xuixo de Girona vol blindar-se legalment contra succedanis
[Ara.cat] Entre el comiat i el retorn: història d’un restaurador que continua servint passió plat a plat
[Ara.cat] El Cortijo, el bar on et serveixes directament de la cassola
[Ara.cat] "L'única cosa que em fa por és l'Alzheimer"
[Ara.cat] “És important riure i treure’ns la màscara d’adults funcionals”
[Ara.cat] “El feixisme és com l’energia: no es crea ni es destrueix, es transforma”
[Ara.cat] Tancament de cicle postapocalíptic a través de la metaficció
[Ara.cat] Peter Jackson: “Estic treballant en una nova pel·lícula de Tintín”
[Ara.cat] Cupra Formentor VZ 635: Darwin tenia raó
[Ara.cat] Porsche treu múscul en la guerra dels esportius elèctrics
[Ara.cat] Eleccions autonòmiques a Andalusia 2026
[Ara.cat] Andalusia vota en un context de disbarats
[Ara.cat] Jordi Martí comunica a la direcció de Junts que presentarà batalla interna per ser candidat a Barcelona
[Ara.cat] Som periodistes, però ens tracten com criminals
[Ara.cat] Israel i el Líban allarguen 45 dies un alto el foc virtual
[Ara.cat] «'Mascletà' educativa» a València: 35.000 docents col·lapsen els carrers per reclamar millores
[Ara.cat] L'exreclús amb alt risc de reincidir, detingut un mes després
[Ara.cat] Demanen 27 anys de presó per a un mosso per enganyar, violar i vexar una jove amb discapacitat
[Ara.cat] Així sobreviuen les gasolineres a la crisi petroliera: "De certeses no n'hi ha cap"
[Ara.cat] El preu del petroli torna a disparar-se amb la guerra a l'Iran en punt mort
[Ara.cat] La Generalitat reclama 790.000 euros a l'Aragó pels béns de Sixena retornats el 2017
[Ara.cat] Steve McCurry omple el Palau Martorell d’icones d’un món en conflicte
[Ara.cat] La benzina invisible dels jugadors del Barça
[Ara.cat] Arbeloa-Mbappé: esclata una nova guerra al vestidor del Reial Madrid
[Ara.cat] Cristhian Stuani fa possible l'impossible i el Girona creu en la permanència
[Ara.cat] Un bon veredicte per a 'El juicio'
[Ara.cat] El despropòsit de 'Sidosa'
[Ara.cat] Cuatro fa el 'sorpasso' a La Sexta, tretze anys després
[Ara.cat] Miki Esparbé i la seva experiència propera a la mort: "Vaig estar en coma 30 o 40 minuts"
[Ara.cat] Jugar i descobrir deixen petjada en el cervell dels infants
[Ara.cat] Una serp invasora importada està exterminant l’emblemàtica sargantana de les Pitiüses
[RAC1] Bulgària fa història a Eurovisió i s'imposa a Israel en una edició marcada pel boicot de cinc països
[RAC1] La catalana aïllada a l'Hospital Clínic dona negatiu en hantavirus en la segona PCR
[RAC1] Maten a trets un home en ple carrer a tocar del passeig de la Zona Franca, a Barcelona
[RAC1] Lewandowski s'acomiada del Barça: "Catalunya és el meu lloc al món"
[RAC1] Ustec aprofita l'aprovació imminent dels pressupostos per redoblar la pressió a Educació: "Resoldre el conflicte ha de ser prioritari"
[RAC1] El Govern i ERC encarrilen els pressupostos després de l'acord sobre la línia orbital ferroviària i amb la negociació amb els docents penjant d'un fil
[RAC1] Alerta dels experts: el model econòmic català empobreix la població i genera una fractura social creixent
[RAC1] Miquel Puig, economista de l''Informe Fènix': "La gent no és que se senti més pobra, és que ho és"
[RAC1] Georgia Saquella Brugada, especialista en mort sobtada: "Poques vegades el meu cervell ha funcionat tan intensament com quan vaig ser jo la pacient"
[RAC1] Menys fred de bon matí en espera de ruixats i tempestes durant la segona meitat del dia
[RAC1] La veritat darrere la suposada fórmula legal per adquirir un habitatge sense comprar ni heretar: "Avui en dia tot té un titular; la usucapió no és viable"
[RAC1] L'OMS declara l'emergència internacional pel brot d'Ebola al Congo, el més gran des del 2018
[RAC1] L'estudiant que reclama més de 9.000 euros a Renfe pels perjudicis de viatjar amb tren: "A mi Rodalies m'ha trencat; lluitaré fins al final de la meva vida"
[RAC1] Joan Vaello, artista, 100 anys: "Els gitanos del Raval em van ajudar quan va morir la meva família; m'hi he inspirat molt a l'hora de crear"
[RAC1] La Mireia Carbó recupera la recepta dels fideus a la cassola en doble versió
[RAC1] La catedral dels esmorzars de forquilla és en un polígon industrial de Tarragona
[RAC1] 'Berlín y la dama del armiño' i la segona temporada de 'Rivales', entre les sèries que no et pots perdre aquest cap de setmana
[RAC1] Barcelona estrena la Capital Europea del Comerç Local amb més de 200 activitats
[RAC1] Juliano Belletti, 20 anys després de la final de París: "La narració del Pou del meu gol és especial"
[RAC1] El Girona s'encomana a Stuani i continua viu en la lluita per la permanència
[RAC1] Mbappé carrega contra Arbeloa per fer-lo sortir de suplent: "M'ha dit que soc el quart davanter"
[RAC1] Discussió de Florentino Pérez amb alguns seguidors des de la llotja abans del Reial Madrid-Oviedo
[RAC1] El patrimoni de Sergio Ramos, al descobert: els negocis després de la compra del Sevilla per 450 milions d'euros
[RAC1] ​Detinguts tres policies canadencs per agredir sexualment una prostituta en un taxi a Barcelona
[RAC1] Detingut a Lleida Dino Marcelo Miller, l'assassí de tres persones que va sortir fa un mes de la presó
[RAC1] Vicenç Alujas, psicòleg: "És un pres que no és rehabilitable; no cal invertir-hi diners, és perdre el temps"
[RAC1] Sense rastre de Romain Lannuzel, el jove estudiant francès desaparegut a Barcelona: la família sospita que el van assassinar, però els Mossos ho descarten
[RAC1] D'un monestir amb 700 anys d'història a un espai d'anunci al costat de casa: cinc visites per gaudir de la Nit dels Museus 2026
[RAC1] "Catalunya es dessagna"
[RAC1] Salvem Tristan de Acunha
[RAC1] El got mig ple
[RAC1] Llegir, anar a museus o fer activitats artístiques podria alentir l'envelliment tant com l'exercici, segons un nou estudi
[RAC1] Elena Puig Guitart, psicòloga: "Si et preguntes si ets una persona narcisista, probablement no ho ets"
[RAC1] "Continuem veient el cotxe com una despesa i ens pot donar guanys de fins a 1.000 euros mensuals"
[RAC1] Ana Calvo, professora d'autoescola: "Quan eliminem l'embragatge, l'alumne es pot centrar en allò que importa, el trànsit i la circulació"
[RAC1] "No em cedeixen el seient a l'autobús perquè, com que la meva malaltia és invisible, no veuen que no puc estar dempeus": viure amb fibromiàlgia als 41 anys
[RAC1] "Crec que els meus fills no vindran al meu enterrament, però no m'arrossegaré": cal forçar-se a fer les paus després d'un conflicte en la maduresa?
[RAC1] Núria Marín, periodista: "Isa Pantoja va començar com un calimotxo i ara és un vi de 25 euros bo, amb fons i molt a explicar"
[RAC1] Una serp invasora que pot nedar fins als illots ja ocupa més del 90% d’Eivissa i posa en risc la sargantana de les Pitiüses
[RAC1] Marta Olivella, veterinària: "Un gat no necessita sortir al carrer per ser feliç, necessita sentir que controla el seu món"
[RAC1] Rubén Rodríguez, dissenyador de cuines: "Si reformes una cuina de 8 m², el marbre pot costar-te entre 1.000 i 3.000 euros segons el material"
[RAC1] "A 'Supervivientes' em vaig posar a plorar com un nen petit; l'únic que volia era tornar a casa amb el meu gos"
[RAC1] Leo Messi: "A Barcelona coneixíem molt més els pares de l'escola perquè coincidíem a la porta, però aquí funciona diferent"
[RAC1] La història del mastegot de Brigitte Macron al seu marit: s'hauria empipat pels missatges que el president francès s'intercanviava amb una actriu
[RAC1] El traumàtic episodi de l'actriu Hayden Panettiere als 18 anys: "Em van ficar al llit amb un home nu molt famós"
[RAC1] Carles Porta: "Em vaig arruïnar, durant tres anys no vaig poder comprar ni calçotets"
[RAC1] Leo Harlem, 63 anys: "M'he tret una mica el pa i el sucre; cal cuidar-se per no dependre de ningú"
[RAC1] "Culminar amb la parella a la vegada pot ser bonic, però no s'ha de romantitzar"
[RAC1] Com pots escoltar els contes infantils de RAC1?
[RAC1] Magda Carlas: "Sovint, ens posem de mal humor perquè fem una dieta que no és l'adequada"
[RAC1] 'El món a RAC1' des del DFactory Barcelona
[RAC1] Nil Moliner, Figa Flawas i La Fúmiga triomfen a la sisena edició dels Premis RAC105
[La Vanguardia (en català)] Assassinat d’un tret al cap un home en ple carrer a Sants-Montjuïc
[La Vanguardia (en català)] El Govern declararà d’interès general el Clínic i el Trueta
[La Vanguardia (en català)] Barcelona afronta l’últim any de mandat amb 300 obres al carrer
[La Vanguardia (en català)] Els acomiadaments per ERO pugen un 50% a Catalunya en ple rècord d’ocupació
[La Vanguardia (en català)] Globalitzant
[La Vanguardia (en català)] La marxa del viatger americà omple el Mediterrani de creuers en oferta
[La Vanguardia (en català)] El fre de la demanda turística obliga aerolínies i hoteleres a reaccionar
[La Vanguardia (en català)] Illa afronta a la tornada de Califòrnia la setmana dels seus primers pressupostos
[La Vanguardia (en català)] Tretze caps de l’Oficina Antifrau cobren igual o més que un conseller del Govern
[La Vanguardia (en català)] El secret de Moreno: “No diré res al teu cunyat”
[La Vanguardia (en català)] L’abstenció autonòmica que ensorra el PSOE andalús
[La Vanguardia (en català)] Detingut Al-Saadi, agent terrorista de l’Iran a Occident
[La Vanguardia (en català)] Andy Burnham i el “manchesterisme”
[La Vanguardia (en català)] Putin, d’ensopegada en ensopegada
[La Vanguardia (en català)] Ucraïna pren la iniciativa en la guerra
[La Vanguardia (en català)] Andalusia vota la independència... del PP
[La Vanguardia (en català)] La guerra dels drons a 1.500 km
[La Vanguardia (en català)] Primavera Damm, primavera local al Fòrum
[La Vanguardia (en català)] Els ossos de calamar de la història
[La Vanguardia (en català)] Estudiants cremats
[La Vanguardia (en català)] A l’entorn de les mascotes
[La Vanguardia (en català)] Targeta vermella i al carrer
[La Vanguardia (en català)] Nens i lladres
[La Vanguardia (en català)] Ser vell és ser sagaç?
[La Vanguardia (en català)] El setè cel
[La Vanguardia (en català)] Temps mort
[La Vanguardia (en català)] La creu emfàtica
[La Vanguardia (en català)] El confort del sofà
[La Vanguardia (en català)] El Saló del Còmic s’obre més a Àsia
[La Vanguardia (en català)] El rèquiem més bonic de tots
[La Vanguardia (en català)] Gràcies per tant, Florentino
[La Vanguardia (en català)] La moda ràpida satura el tercer món i bloqueja l’exportació de roba utilitzada
[La Vanguardia (en català)] La Copa de la ‘reina’ Alexia
[La Vanguardia (en català)] La batussa infinita
[La Vanguardia (en català)] Blindatge contra els senglars a les vies de Rodalies al voltant de Collserola
[La Vanguardia (en català)] Empreses que es venen
[La Vanguardia (en català)] El Suprem augmenta la incertesa per a milers d’empleats públics temporals
[La Vanguardia (en català)] Algesires, on no comença el corredor mediterrani
[La Vanguardia (en català)] Treva en la guerra del Labour amb Starmer molt desautoritzat
[La Vanguardia (en català)] Encara som més importants que Xi i Trump
[La Vanguardia (en català)] Europa davant Xi i Trump
[La Vanguardia (en català)] “Un fons d’inversió és més fidel i més rendible que un marit”
[La Vanguardia (en català)] Esther Niubó: “Hem de reorientar la situació per acabar bé el curs”
[La Vanguardia (en català)] El relleu de James Bond està en marxa: Nina Gold, directora de càsting de 'Joc de Trons', busca el nou 007
[La Vanguardia (en català)] Qui guanyarà Eurovisió? Finlàndia i Austràlia, favorites en les apostes, amb Israel en quart lloc
[La Vanguardia (en català)] 'Top Gun compleix 40 anys: la pedrera d'estrelles que va ser molt més enllà de Tom Cruise i Kelly McGillis
[La Vanguardia (en català)] Pawlikowski apunta la Palma d'Or amb l'obra mestra 'Fatherland' i Farhadi defrauda amb 'Historias paral·lels'
[La Vanguardia (en català)] Arriben les vacances i es col·lapsa la renovació del DNI i passaport: cita a dos mesos vista
[La Vanguardia (en català)] Mbappé només té un club: el FC Mbappé
[La Vanguardia (en català)] Rivals al camí a Oslo: la batalla més personal de Mapi León i Ingrid Engen
[La Vanguardia (en català)] Jordi Martí: “Només perdre en les primàries em farà descartar ser el candidat de Junts a Barcelona”
[La Vanguardia (en català)] Nous vetos als souvernirs i productes marihuaneros en el centre de Barcelona
[La Vanguardia (en català)] Les sectors que paguen menys de 27.500 euros a l'any empobreixen al conjunt de la societat
[La Vanguardia (en català)] La FAO obre un nou front entre Meloni i Sánchez
[La Vanguardia (en català)] Illa promociona la Catalunya Media City entre la potent indústria audiovisual de Califòrnia
[La Vanguardia (en català)] Canadà, el millor amic d'Europa a l'altre costat de l'Atlàntic
[La Vanguardia (en català)] Trump arriba al tram final d'una visita a la Xina rica en simbolisme i pobre en concrecions
[La Vanguardia (en català)] Moreno demana de concentrar el vot en el PP per evitar l'escenari d'Extremadura i Aragó: “Ens juguem govern o desgovern”
[La Vanguardia (en català)] Els Estats Units redoblen la seva pressió sobre una Cuba a punt del col·lapse
[La Vanguardia (en català)] El Molino: entroncar o trencar amb la tradició
[La Vanguardia (en català)] Enigma resolt: descobert finalment el delator de Macià en els fets de Prats de Molló
[La Vanguardia (en català)] Angine de Poitrine: el grup viral impossible que ja és un símbol enfront de l'algoritme i la IA
[La Vanguardia (en català)] Sopa de Cabra emociona a Razzmatazz per celebrar el quarantè aniversari
[La Vanguardia (en català)] Juanma, president de la Generalitat?
[La Vanguardia (en català)] La bandera de Lamine
[La Vanguardia (en català)] Yamal, Israel i el tot depèn
[La Vanguardia (en català)] Les bufandes de Florentino
[La Vanguardia (en català)] Aparicions del diable
[La Vanguardia (en català)] Examen de consciència
[La Vanguardia (en català)] Els gossos no es divorcien
[La Vanguardia (en català)] Virus, ignorància, malvolença
[La Vanguardia (en català)] Obre a Barcelona la primera llibreria especialitzada en Palestina fora de l’Orient Mitjà
[La Vanguardia (en català)] La complexa metamorfosi d’El Molino
[La Vanguardia (en català)] La metamorfosi d’Andrés Koi
[La Vanguardia (en català)] “Allargarem la vida fins a 120 anys, però com volem viure?”
[La Vanguardia (en català)] Els ajuts per combatre la pesta porcina i el senglar es tripliquen
[La Vanguardia (en català)] Una estratègia del Clínic redueix l’enorme impacte ambiental de la diàlisi
[La Vanguardia (en català)] Els universitaris parlen i culpen el professorat de l’apatia per les classes
[La Vanguardia (en català)] Stuani injecta esperança
[La Vanguardia (en català)] Israel arremet contra Lamine
[La Vanguardia (en català)] Només nou dies per desafiar Florentino
[La Vanguardia (en català)] Mbappé trenca el sonòmetre
[La Vanguardia (en català)] Municipis turístics demanen vincular el finançament a la població flotant
[La Vanguardia (en català)] Kanpai intensiu a l’Hospitalet davant el lladre cada vegada més jove i en patinet
[La Vanguardia (en català)] El Banc d’Espanya es resisteix a limitar les hipoteques perquè perjudicaria els joves
[La Vanguardia (en català)] Suau desacceleració
[La Vanguardia (en català)] El Govern espanyol inicia la retirada d’ajuts fiscals per la guerra de l’Iran
[La Vanguardia (en català)] Illa s’afegeix des de Califòrnia a la lluita demòcrata contra Donald Trump
[La Vanguardia (en català)] L’abstenció, enemic número u de la campanya
[La Vanguardia (en català)] “Facilitaríem un govern d’esquerres sense entrar-hi”
[La Vanguardia (en català)] La ira dels colons
[La Vanguardia (en català)] Els EUA cancel·len el desplegament de 4.000 soldats en una base a Polònia
[La Vanguardia (en català)] La Xina adverteix que la independència de Taiwan podria desfermar una guerra
[VilaWeb] Bulgària guanya per primer cop Eurovisió en una edició marcada pel boicot a Israel
[VilaWeb] Les portades del diumenge 17 de maig de 2026
[VilaWeb] Un home mort tirotejat al barri de la Marina de Port de Barcelona
[VilaWeb] El Barça s’imposa amb autoritat i guanya la Copa de la Reina contra l’Atlètic de Madrid
[VilaWeb] La victòria del català al pati
[VilaWeb] Maribel Vilaplana, a la comissió d’investigació del congrés espanyol: quina versió dels fets donarà ara?
[VilaWeb] Midas, la xarxa de diaris en llengües minoritzades, celebra els vint-i-cinc anys
[VilaWeb] Llucia Ramis: “L’extrema dreta creix on no hi ha bars”
[VilaWeb] Andalusia: unes eleccions peculiars, en què tots els partits s’hi juguen molt
[VilaWeb] Jordi Domingo: “No hem posat mai la ideologia a debat, la unitat és essencial”
[VilaWeb] La guerra d’Ucraïna deixa al descobert el taló d’Aquil·les d’Europa: la xarxa elèctrica
[VilaWeb] Closcadelletra (DX): El lligam fortuït dels àtoms
[VilaWeb] Vi als museus
[VilaWeb] “Un monument franquista no es pot contextualitzar”: l’Ajuntament de Palma judicialitza l’esbucament del monument de la Feixina
[VilaWeb] Avançament editorial: ‘Exilis i escriptures a Buenos Aires’, de Montserrat Bacardí
[VilaWeb] L’extrema dreta assalta la cultura francesa
[VilaWeb] Maten a trets un home al barri de Sants
[VilaWeb] El monument de la Feixina de Palma apareix amb pintades de pintura vermella
[VilaWeb] Centenars de manifestants reclamen a Barcelona l’alliberament de Palestina i el trencament de relacions amb Israel
[VilaWeb] Set ferits, dos de greus, per l’atropellament d’un cotxe a Mòdena
[VilaWeb] Acomiaden un treballador de l’Hospital Santa Caterina de Salt per assetjament sexual
[VilaWeb] Els sindicats d’educació preveuen una nova setmana de mobilitzacions en el marc de la vaga indefinida
[VilaWeb] La vaga de biblioteques s’amplia ara a tot Catalunya
[324.cat] Les claus de les eleccions a Andalusia: del tatuatge de Juanma Moreno a Morante de la Puebla
[324.cat] Ayuso converteix el seu viatge a Mèxic en un nou camp de batalla
[324.cat] Què explica els ERO de les últimes setmanes: les empreses es reestructuren i no tot és per la IA
[324.cat] Bulgària guanya Eurovisió per sorpresa en una edició marcada pel boicot a Israel, que queda segon
[324.cat] El Barça guanya la Copa de la Reina
[324.cat] Parella i criança: com afrontar els canvis i mantenir la connexió quan arriben els fills
[324.cat] Viure amb ansietat: "És com si hagués despertat un monstre dins meu i l'he de tenir domat"
[324.cat] Augmenten els batejos de persones adultes: "Tinc respostes que potser abans no trobava"
[324.cat] Capellans carregats de feina salten de poble en poble per falta de vocacions
[324.cat] Mor un home a trets al carrer Mineria, al barri de la Marina de Port, a Barcelona
[324.cat] La USTEC reclama a ERC i Comuns que portin el conflicte dels docents a la negociació pels pressupostos
[324.cat] "Pujol, vist per a sentència": "30 minuts" ressegueix els sis mesos de vista oral del judici
[324.cat] Investiguen com a crim masclista la mort d'una dona i el fill a la caserna de la Guàrdia Civil a Dolores
[324.cat] Un conductor atropella una desena de vianants i n'apunyala un altre a Mòdena, a Itàlia
[324.cat] Israel mata un líder de Hamas en un nou atac a Gaza malgrat l'alto el foc vigent
[324.cat] Trump assegura que els EUA han mort el número dos d'Estat Islàmic en una operació militar a Nigèria
[324.cat] Les retallades de Trump a l'ajuda humanitària augmenten els conflictes a l'Àfrica
[324.cat] Almenys 30 estudiants segrestats en una escola de Nigèria per milicians de Boko Haram
[324.cat] Cues i tensió a la botiga Swatch de Barcelona per comprar un rellotge molt cobejat en la revenda
[324.cat] Cop a una xarxa que robava amb violència rellotges de luxe a Barcelona i les Balears
[324.cat] Troben morta la balena Timmy davant d'una illa danesa, 15 dies després de ser rescatada a Alemanya
[324.cat] Mor un submarinista en el rescat dels cossos de cinc bussejadors italians a les Maldives
[324.cat] Trencar aigües al cotxe a tota velocitat o parir davant l'ascensor: "El meu cos va prendre el control"
[324.cat] "No podia creure que un company em donés un ronyó": les històries darrere d'un trasplantament renal
[324.cat] Sopa de Cabra arrenca la gira dels 40 anys amb un emotiu concert a Razzmatazz
[324.cat] Fantàstix del Super3: obre a Barcelona la fàbrica de la imaginació del Super3 immersiva per a famílies
[324.cat] 120 anys del naufragi del Sirio, el "Titanic del Mediterrani" que portava catalans a Amèrica
[324.cat] Crítica de les estrenes de cinema: tornen Tom Cruise amb "Top Gun" i Arón Piper
[324.cat] EN DIRECTE | GP de Catalunya de MotoGP 2026: la cursa a Montmeló, a TV3
[El Nacional.cat] Brot d'Ebola al Congo i Uganda: 80 morts, 246 possibles casos i alerta de l'OMS
[El Nacional.cat] Barrejar sabó líquid amb aigua calenta: el truc domèstic que molts no aprofiten quan haurien
[El Nacional.cat] En espera del dia gran de Moreno Bonilla, el primer president català d'Andalusia, a les portades
[El Nacional.cat] El Fòrum celebra els 150 anys d'Estrella Damm amb una gran postal del pop català actual
[El Nacional.cat] La possible alineació del Barça contra el Betis: dubtes a l'onze i un comiat molt especial
[El Nacional.cat] Tres candidats (un polèmic) per heretar el '9' de Lewandowski al Barça
[El Nacional.cat] Utilitzar pell de plàtan per netejar la casa: per a què serveix i quins beneficis té
[El Nacional.cat] La Llei de Propietat Horitzontal permet prohibir els pisos turístics si es compleixen els requisits
[El Nacional.cat] Bulgària arrasa a Eurovisió i deixa Israel sense victòria en l'últim sospir d'una edició molt tensa
[El Nacional.cat] Gavi+40 milions és l'operació que el Barça ha de rebutjar o acceptar
[El Nacional.cat] Res de Dacia Sandero ni de BYD Dolphin: aquest Skoda és el tapado dels cotxes bons i barats
[El Nacional.cat] Sudoku 3296
[El Nacional.cat] Josep Vila, president de l'ANC: "Abans hi havia la revolta dels somriures. Ara, hi ha la del malestar"
[El Nacional.cat] Andalusia posa fi al cicle autonòmic: el PP busca una nova majoria absoluta i ampliar la crisi del PSOE
[El Nacional.cat] Trump, Xi i la diplomàcia del te: així escenifica la Xina el poder
[El Nacional.cat] Dinar l'esmorzar i viceversa: Barcelona perfecciona els primers àpats del dia
[El Nacional.cat] Barcelona és el bressol d'una de les postres més especials de Catalunya, nascuda al Liceu
[El Nacional.cat] Per fer el plat preferit de Bad Bunny no et cal res especial: arròs, salsitxes i tomàquet
[El Nacional.cat] Hi ha un motiu pel qual mai veuràs un xef italià bullir la pasta amb oli
[El Nacional.cat] Si les patates fregides no entren a la teva dieta, pots fer la seva versió sana
[El Nacional.cat] Si cada vegada que compres pa t'acaba quedant dur, hi ha una manera de recuperar la seva millor textura
[El Nacional.cat] Més de mil col·legis es neguen a fer sortides i colònies el curs vinent: "Que se'ns valori i es pagui"
[El Nacional.cat] Crònica d'Israel (1): Metula, quinze segons per arribar al refugi
[El Nacional.cat] VerduN o VerduM? Un barri de Barcelona triarà la forma definitiva del seu nom
[El Nacional.cat] Deixa de dir 'desquiciat': aquesta és la paraula correcta en català
[El Nacional.cat] Des de quan prenem gelats?
[El Nacional.cat] Nació orbital
[El Nacional.cat] Les 10 millors ofertes d'avui, 17 de maig, a Amazon: Taurus, Tommy Hilfiger, Lefant i més
[El Nacional.cat] Aldi porta l'invent de cuina que protegeix la vitroceràmica i suma espai per menys de sis euros
[El Nacional.cat] Balanç del judici als Pujol: proves, sospites de corrupció o persecució a una família?
[El Nacional.cat] Per què els Estats Units no van incorporar Cuba després d'alliberar-la dels espanyols?
[El Nacional.cat] Rodalies: perdre el temps s'ha de reclamar
[El Nacional.cat] Barça - Betis : horari i on veure avui el partit per TV de la 37a jornada de LaLiga EA Sports
[El Nacional.cat] I què, on és l'hantavirus?
[El Nacional.cat] Agapeologia
[El Nacional.cat] El curiós truc de la cullera a la finestra que molts fan servir contra la humitat
[El Nacional.cat] Tres pobles amb encant al Vallès Oriental: aigües termals, modernisme i natura que et sorprendrà
[El Nacional.cat] Adolescents davant les ITS: molta exposició, poca informació i massa silenci
[El Nacional.cat] Illa abandona els EUA de Trump defensant la democràcia, els valors de la Il·lustració i el multilateralisme
[El Nacional.cat] La setmana de Florentino
[El Nacional.cat] 20 anys de la final de París: el Barça guanya la seva segona Champions
[El Nacional.cat] El Barça imposa la seva llei a l'Atlètic de Madrid (3-1) i es corona per 12è cop a la Copa de la Reina
[El Nacional.cat] Aquest és el cartell la 59a edició del Festival de Sitges inspirat en la pel·lícula 'Carrie'
[El Nacional.cat] Creus que es fa prou contra els tirotejos a Barcelona?
[El Nacional.cat] Denuncien "censura" en una sala del Govern a Girona durant un acte sobre els germans Badia
[El Nacional.cat] Les obres d'un mas de Roses destapen dues esglésies visigodes dels segles VII i IX
[El Nacional.cat] Diversos ferits, entre ells dos greus, per un atropellament massiu a Mòdena, a Itàlia
[El Nacional.cat] Benifallet fa memòria de les víctimes del nazisme amb la col·locació de tres llambordes 'Stolpersteine'
[El Nacional.cat] El City de Guardiola continua regnant: guanya la FA Cup contra el Chelsea (0-1) i ja són 20 títols amb Pep
[El Nacional.cat] Vaga a les biblioteques de Catalunya: el malestar s'estén des de Barcelona a tot el país
[El Nacional.cat] Atenció, arriba a Catalunya una nova tongada de xàfecs i tempestes de tarda
[El Nacional.cat] Àlex Márquez no cedeix el seu regnat a Catalunya i triomfa a l'esprint de Montmeló
[El Nacional.cat] Llàgrimes amb les paraules de Lewandowska després del comiat del seu marit al Barça: "Se sent molta nostàlgia"
[El Nacional.cat] França investigarà l'assassinat del periodista Jamal Khashoggi a l'ambaixada saudita a Turquia
[El Nacional.cat] Collboni insisteix a "reduir a zero" els creuers d'escala a Barcelona: "No deixen ingressos"
[El Nacional.cat] Lewandowski, el soldat que va reconstruir l'orgull d'un Barça ferit
[El Nacional.cat] Preu de la llum d'avui, diumenge 17 de maig, per hores: quan és més barat engegar la rentadora?
[El Nacional.cat] Paneque assegura que la negociació amb ERC pels pressupostos "està en els últims dies"
[El Nacional.cat] Fernández diu que l'esquerra és capaç de "comprar voluntats" per retenir el poder a l'àrea metropolitana
[El Nacional.cat] USTEC exigeix a ERC i Comuns que vinculin la negociació de pressupostos a les seves demandes
[El Nacional.cat] L'exrepublicà Gabriel Fernández liderarà una candidatura per les municipals a Sabadell on s'inclou Junts
[El Nacional.cat] Israel elimina al cap del braç armat de Hamàs Izz al Din Haddad, que seguia lluitant a Gaza
[El Nacional.cat] Junts proposa un "acord de país" en educació per posar fi al conflicte obert entre docents i Govern
[El Nacional.cat] Hansi Flick, sobre la sortida de Lewandowski: "És bo per a ell i potser també per al Barça"
[El Nacional.cat] Pep Guardiola no vol especular amb el seu futur al Manchester City: "No hi ha més comentaris"
[El Nacional.cat] Fi del rodatge de 'La travessa VIP': l'emoció de Laura Escanes i la primera foto oficial dels concursants
[El Nacional.cat] Més de 300 persones pugen al macroexamen pràctic de conduir a Lleida per reduir les llistes d'espera
[El Nacional.cat] Troben un "monstre de sorra" de 240 milions d'anys ocult en un jardí amb ullals intactes
[El Nacional.cat] Oficial: Lewandowski posa punt final a la seva etapa al Barça després de quatre temporades
[El Nacional.cat] Alfred Garcia toca la fibra felicitant la dona més important de la seva vida: les fotos més inèdites
[El Nacional.cat] Els arquitectes han canviat la manera de dissenyar les cases per centrar-se en el so interior
[El Nacional.cat] Dua Lipa, espectacular, esvalota la xarxa celebrant el seu comiat de soltera des d'aquesta illa Balear
[El Nacional.cat] Trump endureix el to amb Taiwan després de reunir-se amb Xi: "No volem que es declari independent"
[El Nacional.cat] Confirmat pels psicòlegs: caminar sense auriculars millorarà la teva salut mental de forma dràstica
[El Nacional.cat] Gràcies al descompte per a jubilats, es pot pagar fins a un 70% menys en la factura de la llum
[El Nacional.cat] Hansi Flick accepta que, si perd Lewandowski, el Barça fitxi per 30+15 milions al davanter de l'Arsenal
[El Nacional.cat] El rival de Mercedes que costa la meitat: una joia amb línia cupè, etiqueta ECO i 7 anys de garantia
[El Nacional.cat] Trump es vanta d'haver matat "el terrorista més actiu del món", el número dos d'ISIS, Abu-Bilal al-Minuki
[El Nacional.cat] Moment inesperat d'Aitana en un concert, que ha passat enmig de l'escenari: "Si alguien puede arreglarlo..."
[El Nacional.cat] José Mourinho, el salvador del Reial Madrid: acord tancat a falta de firma
[El Nacional.cat] Eurovisió 2026 afronta l'edició més tensa, descafeïnada i en davallada, amb Israel entre les favorites
[El Nacional.cat] Joan Laporta rebutja els 60 milions i demana la totalitat de la clàusula per deixar-lo sortir
[El Nacional.cat] Els jubilats amb pensió inferior a 783 euros poden cobrar un extra en la pensió i molts no ho saben
[El Nacional.cat] Confirmat per la Llei de Propietat Horitzontal: la majoria de veïns superen els nivells de soroll permesos
[El Nacional.cat] Primer Andalusia i Cuba, després els pressupostos catalans (residuals) a les portades
[El Nacional.cat] Sergio Ramos canvia el Sevilla: tres fitxatges i quatre sortides
[El Mon.cat] Mònica Sales: “Catalunya té avui un problema, i es diu Salvador Illa”
[El Mon.cat] La lletania andalusa de Pedro Sánchez
[El Mon.cat] El banquet de Xi Jinping
[El Mon.cat] Dues senyores: l’una colonitzadora, l’altra decolonial
[El Mon.cat] Denuncien censura en un homenatge als germans Badia celebrat en un edifici de la Generalitat
[El Mon.cat] Els Mossos decomissen menys armes de foc ara que en plena pandèmia
[El Mon.cat] El sector del lleure tem una caiguda de fins al 70% si els docents es neguen a fer colònies
[El Mon.cat] Telefónica supera previsions en els resultats trimestrals i reforça el perfil financer
[El Mon.cat] Anabel Pantoja confessa per què no vol casar-se amb el pare de la seva filla
[El Mon.cat] Un premiat en la gala d’influenciadors del 3Cat esclata contra el PSC
[El Mon.cat Societat] Els Mossos decomissen menys armes de foc ara que en plena pandèmia
[El Mon.cat Societat] El sector del lleure tem una caiguda de fins al 70% si els docents es neguen a fer colònies
[El Mon.cat Societat] Quart dia de vaga: els docents mantenen la protesta amb un ull posat en els pressupostos
[El Mon.cat Societat] CCOO i UGT convoquen vagues parcials a Rodalies el 27 de maig i el 5 de juny
[El Mon.cat Societat] Els docents tallen l’N-240 a Lleida l’endemà del fracàs de la reunió amb Educació
[El Mon.cat Societat] Docents de Girona afegeixen pressió: es negaran a acollir mestres en pràctiques
[El Mon.cat Societat] Campanya de pressió a Sánchez perquè l’oficialitat del català a Europa porta mil dies de retard
[El Mon.cat Societat] Denuncien que l’R-Aeroport col·lapsarà encara més Rodalies per afavorir el turisme
[El Mon.cat Societat] Fracassa la reunió d’Educació amb els docents però tornaran a trobar-se dimarts
[Betevé] La Generalitat dona “prioritat absoluta” al campus del Clínic a la Diagonal
[Betevé] Derrota amb polèmica de l’Europa al camp del Nàstic: el play-off en joc en l’última jornada
[Betevé] El Barça compleix el guió contra l’Atlètic de Madrid i aconsegueix la dotzena Copa de la Reina
[Betevé] Imade
[Betevé] betevé notícies vespre
[Betevé] Tiroteig a la Marina de Port: un home mor després de rebre diversos trets en ple carrer
[Betevé] Torna La Nit dels Museus a Barcelona, amb accés gratuït a 94 museus i espais culturals
[Betevé] El Júpiter baixa a Primera Catalana: La victòria contra el Castelldefels no és suficient
[Betevé] Gavi s’acomiada de Robert Lewandowski amb un missatge sentit i emotiu
[Betevé] Diumenge canviant però amb migdia primaveral: els ruixats, al prelitoral
[Betevé] La Guàrdia Urbana comprarà dinamòmetres per caçar i multar els patinets elèctrics trucats
[Betevé] El pastís de formatge sense formatge de Dates & Avocados que triomfa al Poblenou
[El Punt Avui] La tercera corona
[El Punt Avui] “Hi ha un dèficit d’equipaments públics al districte que corregirem”
[El Punt Avui] Barcelona estrena el seu primer ‘museu’ a cel obert
[El Punt Avui] A Malta amb doble ració
[El Punt Avui] Molt més que els dies de partit
[El Punt Avui] Barça-Betis: la gran nit de Lewandowski
[El Punt Avui] Lewandowski: marxa un 9 de llegenda
[El Punt Avui] El tren de les eleccions
[Segre] Un terç del Pirineu de Lleida, territori de l’os als 30 anys de reintroduir-lo
[Segre] Els alcaldes busquen edificis en sòl rústic per donar-los un nou ús amb el POUM rural
[Segre] Les obres del centre comercial de Promenade a Torre Salses començaran a final de mes
[Segre] Jordi Recasens, responsable del grup d'investigació de malherbologia i ecologia vegetal: «Un ús excessiu d’herbicides crea males herbes resistents»
[Segre] Arrestat Dino Marcello Miller, l’exprés no rehabilitat, per atracar un supermercat
[Segre] Certificats per la ‘llei de nets’: El bisbat de Lleida emet més de 700 documents de baptisme per obtenir la nacionalitat
[Segre] Aran rebrà de la Generalitat 4.200 € per habitant per finançar els serveis públics
[Segre] Ilerna substituirà Hiopos i serà el nou patrocinador principal del Força Lleida
[Segre] CCOO i UGT convoquen vaga parcial a la xarxa de trens de Rodalies el 27 de maig i el 5 de juny
[Segre] La Generalitat reclama 800.000 € a Aragó per l’art que es va emportar del museu de Lleida
[Segre] Investiguen les restes romanes sota el monestir de Santa Maria de Tragó
[Segre] Els museus ja estan de festa en motiu del Dia Internacional
[Segre] La Fuliola alerta de reiterats actes de vandalisme
[Segre] Ni caminar ni bicicleta: aquest és l’exercici cardiovascular més complet per enfortir el cor sense danyar articulacions
[Segre] La Generalitat reclama a l'Aragó més de 790.000 euros per les obres de Sixena traslladades el 2017 des del Museu de Lleida
[Segre] Unió de Pagesos preveu una mala collita i alerta de l'augment de foc bacterià entre les comarques
[Segre] Els accionistes de bonÀrea homenatgen les sis dècades de dedicació del seu fundador, Jaume Alsina
[Segre] I ara què?
[Segre] Extrema dreta a Extremadura
[Segre] 121+88+20+11= 240 habitatges assequibles
[Segre] El lloguer d’habitacions i la LAU
[Segre] La ‘bomba genètica’ que amenaça el futur de la colònia de l’os al Pirineu
[Segre] Dino Marcello Miller, avui al jutjat després d’atracar un supermercat
[Segre] Les infermeres i infermers són professionals clau del sistema sanitari: “Ens hem de fer valer”
[Segre] Viatjar per viure: Galícia, Portugal o Hongria, amb la mirada d'un lleidatà
[Segre] L'arquitectura més present a les aules lleidatanes gràcies al programa educatiu 'ArquiEscola'
[Segre] Moros i Cristians, a la batalla
[Segre] Teatre, circ i dansa tradicional a l’EnRe9
[Segre] El ritme no para a les festes
[Segre] Per què els gossos utilitzen la llepada com a forma de vincle emocional i comunicació
[Segre] El pregó de Saúl Craviotto i la polèmica
[Segre] Les infermeres ja no callem
[Segre] Quim Masferrer, 'El Foraster': «A Lleida hi ha pobles espectaculars, m’agrada més la seua part humana que el paisatge»
[Segre] Museus de Lleida, en horari nocturn
[Segre] El mural de Ricard Viñes ja s’entreveu a Lleida
[Segre] Lluís Llimargas Torrelles
[Segre] Al maig, cada dia un raig
[Segre] Un geni de l’animació
[Segre] Els de primer
[Segre] Olor de llibre nou
[Segre] Ilerna, nou patrocinador principal del Força Lleida a l'ACB
[Segre] L’inversor del Lleida, “un empresari francès del sector hoteler i la restauració” assumeix pagar el deute durant set anys
[Segre] La Llotja es rendeix a Juanjo Garra en un acte en memòria amb uns 400 assistents
[Segre] Lleida CF i Paeria acorden el conveni per al Camp d’Esports
[Segre] El Força Lleida tindrà un altre espònsor lleidatà a l'ACB
[Segre] L’Atlètic Lleida espera cooperar amb el Lleida amb l'arribada del nou inversor
[Segre] Homenatge a Garci?
[Segre] La mala setmana de Florentino
[Segre] Un misteri insondable
[Segre] Parlem de sexe
[Segre] El GP de Catalunya, avui a 3Cat
[Segre] ‘30 minuts’ analitza aquesta nit les claus del judici del cas Pujol
[Segre] Milers de persones a la primera jornada de la Fira de Sant Isidre de Solsona
[Segre] La UdL reclama connexió amb el Pirineu
[Segre] Campanya d’al·legacions al pla d’energies renovables
[Segre] Retiren més de 12.000 quilos de residus a l’Alt Urgell
[Segre] Obre Firacóc a Tàrrega amb vint expositors
[Segre] Dispositiu Kanpai amb 222 identificats a la Seu d'Urgell
[Segre] La 37a edició de la Trobada Empresarial al Pirineu, sobre el nou mapa econòmic mundial
[Segre] La tercera Fira Verd-lloc de Bell-lloc d'Urgell arriba el 17 de maig amb productes locals, cuina en directe i un dinar popular
[Segre] Pere Àngel Sánchez Clivillé
[Segre] Carles Orts Pons
[Segre] María Ángeles López Gómez
[Segre] José Fernando Tarragó Valentines
[Segre] Angelina Ibars Micheli
[Segre] Rescats a Camarasa, Josa i Tuixent i Montellà
[Segre] Condemnats a Lleida per vendre un pis que no era seu al portal Idealista
[Segre] Detingut després d’intentar apunyalar un home al centre de Lleida
[Segre] Es disparen les denúncies a Lleida per armes blanques i drogues entre gener i abril
[Segre] Un regidor del Solsonès s’aparta al ser acusat d’abusos sexuals per exalumnes del Conservatori del Liceu, on va exercir de professor
[Segre] A judici acusat de segrestar en ple carrer una dona i violar-la: la va ficar per força en un cotxe al Segon Passeig de Ronda de Lleida i se la va endur
[Cugat.cat] 2036
[Cugat.cat] Tijan Konteh: “El meu somni és contribuir a mitigar el problema migratori, que les persones no hagin d’arriscar la seva vida”
[Cugat.cat] Capitells, còmics i Marilyn Monroe: la Nit dels Museus sedueix Sant Cugat
[Cugat.cat] El SantCu perd amb la Rapitenca i s’acomiada del somni del play-off d’ascens
[Cugat.cat] Monestir – Sant Francesc s’obre a Sant Cugat amb el Fem Barri
[Cugat.cat] Què volem dir quan parlem de “Prioridad Nacional”?
[Cugat.cat] Quan la solidaritat salva vides: Dar al-Amal, la Casa de l’Esperança de Sant Cugat
[Cugat.cat] Celebrem el dia de la biodiversitat biològica a Sant Cugat
[Cugat.cat] ‘Aigües trencades, un pòdcast molt ben parit’
[Tot Barcelona] Ivan Pera: “No pot ser que la centralitat de Barcelona acabi a la plaça de Catalunya”
[Tot Barcelona] Maten un home a trets al carrer i a ple dia a Barcelona
[Tot Barcelona] El final tràgic de les galeries comercials abandonades que ha comprat Messi
[Tot Barcelona] L’arxivament d’una denúncia esperona la lluita de l’únic gaiter de carrer barceloní
[Tot Barcelona] Arrenca la marató comercial a Barcelona: 120 dies de botigues obertes
[Tot Barcelona] Detinguts tres policies canadencs per una agressió sexual a una prostituta en un taxi a Barcelona
[Tot Barcelona] Barcelona ubicarà una pantalla gegant a les Glòries per veure la final de la Champions femenina
[Tot Barcelona] La dona oblidada de la rambla de Catalunya
[Tot Barcelona] Llum verda definitiva al Parc Central de Vallcarca
[Tot Barcelona] Barcelona programa més de 60 activitats per celebrar el Tour de França
[Lleida Diari] El bricolatge guanya pes: el 40% gastarà més de 200 euros a casa
[Lleida Diari] El teu cos pot tenir una edat diferent de la que marca el DNI
[Lleida Diari] Barcelona instal·larà una pantalla per a la final de la Champions femenina
[Lleida Diari] Dispositiu ‘Kanpai’: 220 identificats i 14 denunciats per armes a Lleida
[Lleida Diari] El Govern augmenta els ajuts als autònoms però alerta de més ERO
[Lleida Diari] L’Aplec del Caragol 2026 bat rècord amb 124 colles i 16.850 penyistes
[Lleida Diari] Delinqueix a Lleida després que la presó alertés del risc de reincidència
[Lleida Diari] Els Catarres tornen amb nova cançó i una gira amb més de 50 concerts
[El Temps] València no té un color especial
[El Temps] Quan l’excomunió dels reis catalans hauria fet impossible un viatge del Papa a Barcelona
[El Temps] La profunda crisi del GOB per la sortida de la seva dona forta
[El Temps] «Ortí, dimissió»: històrica manifestació a València per l'escola pública
[El Temps] Els fronts del president Salvador Illa
[El Temps] Vicent Flor: «Patisc una purga política a la Diputació de València»
[El Temps] «Gràcies a la cultura, hi ha una oportunitat d'unir-nos i convertir-la en un acte polític»
[El Temps] Emma Zafón: «Amb 'La mare' tractava de veure el costat humà de la vida»
[El Temps] Opinió - Xavier Aliaga: Desmuntant els arguments contra la vaga educativa
[El Temps] El PP balear presumeix de 'transformació' del turisme, tot i que pot incrementar-se el 10%
[El Temps] ‘Runa Simi’: la lluita per doblar una pel·lícula a una llengua discriminada
[El Temps] Pel bressol de Gaudí
[El Temps] «Diem prou perquè ja no podem més»
[El Temps] Òmnium assenyala les baules febles del Pacte Nacional per la Llengua: escola i món laboral
[El Temps] «No som l'esquerra del PSOE»: l'afirmació nacional d'ERC, Compromís i Més per Mallorca
[El Temps] El segon somni de Baldoví
[Àpunt] Educació ajorna una setmana les proves d'accés a les FP per la vaga educativa
[Àpunt] Centenars de veïns de Dolores mostren el seu rebuig pel crim en la Guàrdia Civil
[Àpunt] 16.05.2026 | Els últims '90 minuts'
[Àpunt] 16.05.2026 | Punt a punt | Segona Part
[Àpunt] 16.05.2026 | Informatiu nit | Esports
[Àpunt] 16.05.2026 | Informatiu nit | L'oratge
[Àpunt] 16.05.2026 | Informatiu nit
[Àpunt] 16.05.2026 | Proclamació de la bellea del foc 2026, María Pastor
[Àpunt] 16.05.2026 | Ral.li Ciutat d'Utiel
[Àpunt] Javier Bardem enlluerna Canes amb ‘El ser querido’, una de les tres pel·lícules espanyoles a competició
[Àpunt] María Pastor González ja és la bellea del foc de les Fogueres 2026
[Àpunt] Un conductor atropella una dotzena de vianants a Mòdena i intenta apunyalar un home
[Àpunt] La Font de la Figuera brinda pel producte local en la Mostra de Vins Terres dels Alforins
[Àpunt] 16.05.2026 | Punt a punt | Primera Part
[Àpunt] 16.05.2026 | La Xarxa Esportiva | Colección VCF
[Àpunt] Ral·li Ciutat d'Utiel
[Àpunt] Diverses persones ferides per l'explosió d'una bombona de càmping gas a la Vila Joiosa
[Àpunt] Eurovisió arriba a la final amb protestes per la participació d’Israel i el boicot de cinc països
[Àpunt] Recuperació tèrmica amb tempestes vespertines
[Àpunt] 16.05.2026 | Informatiu migdia
[Àpunt] El Seprona rep una denúncia contra un projecte noruec d’urbanització ecològica a Planes
[Àpunt] 16.05.2026 | Ajuda amiga
[Àpunt] 16.05.2026 | Informatiu migdia | L'oratge
[Àpunt] 16.05.2026 | Informatiu migdia | Esports
[Àpunt] 16.05.2026 | Les notícies de migdia cap de setmana
[Àpunt] ‘Seràs per sempre’ reivindica la vigència d’Estellés en DocsValència amb una ruta pels espais clau de la seua vida
[Àpunt] València viu la primera nit amb les biblioteques obertes
[Àpunt] Els Ramonets celebren una dècada de rock en valencià per als més menuts
[Àpunt] Concerts, tallers i visites nocturnes este cap de setmana per a celebrar el Dia Internacional dels Museus
[Àpunt] Troben els cadàvers d'un agent de la Guàrdia Civil, de la dona i del fill dels dos, a Dolores
[Àpunt] València és música | El Grau de València
[Àpunt] Esport, amistat, família i humor contra l’atàxia de Friedreich: “Les persones que m’envolten em fan la vida normal”
[Àpunt] 16.05.2026 | Fora de cobertura
[Àpunt] València és música | Agrupació Artístico Musical de Carròs
[Àpunt] Certamen Provincial de Bandes Diputació de València 2024 | Secció primera: Agrupació Musical L'Amistat de Quart de Poblet
[Àpunt] Investiguen una agressió sexual a una menor en un club de futbol de Faura i aparten el fisioterapeuta
[Àpunt] ‘Zoom’ posa el focus en la batalla entre festivals, soroll i descans veïnal
[Àpunt] Israel i el Líban estenen l'alto el foc 45 dies després de les converses a Washington
[Àpunt] Despleguen una pancarta de suport a Palestina a l’edifici de Campanar després d’una intrusió de matinada
[Àpunt] Trump sobre Taiwan: "No estic buscant que ningú s'independitze"
[El Periòdic d'Ontinyent] Carlet comptarà amb una aula UECO al CEIP Sant Bernat el curs 2026/2027
[El Periòdic d'Ontinyent] L’Ajuntament restaurarà la fusteria de les Torres dels Serrans
[El Periòdic d'Ontinyent] Aldaia calfa motors per a la seua fira gastronòmica 2026 amb la presentació de tapes i propostes culinàries
[El Periòdic d'Ontinyent] El Perelló dona la benvinguda a la campanya de la tomata amb una recaptació solidària rècord de més de 9.000 euros
[El Periòdic d'Ontinyent] L’ElianaVol reforça la seua labor humanitària i consolida el magatzem municipal com a punt clau d’ajuda internacional
[El Periòdic d'Ontinyent] La Generalitat reconeix nou entitats pel seu treball en defensa de les famílies
[El Periòdic d'Ontinyent] Cullera recupera la memòria històrica amb l’obertura del refugi antiaeri i coster de 1938 del Far
[El Periòdic d'Ontinyent] Torrent celebrarà este dissabte el Dia de les Famílies en Parc Central
[El Periòdic d'Ontinyent] Cinc biblioteques municipals obrin les 24 hores per a donar servei en època d’exàmens
[El Periòdic d'Ontinyent] L’Ajuntament impulsa la major incorporació d’efectius de Bombers València dels últims anys amb 122 noves places
[Saó] Una manifestació històrica defensa l’escola pública valenciana
[Saó] ‘Del Montgó a Manhattan. 100 anys de somni americà’ arriba al Docs València i als cinemes
[Saó] El Centre del Carme converteix València en capital del curt documental amb el marató de DocsValència
[Saó] Art fins a la matinada: els plans més interessants per a la Nit dels Museus a València
[Saó] El Llibre dels Feyts torna al centre del debat cultural a l’Octubre CCC
[Saó] La Filmoteca recupera Con el culo a l’aire de Carles Mira
[Saó] AMICFiccions premia el talent literari jove valencià al CaixaForum València
[IB3 Notícies] RESUM IB3 NOTÍCIES CAP DE SETMANA VESPRE 16/05/2026
[IB3 Notícies] L’Atlètic Mercadal s’acomiada de la Segona Divisió amb una victòria contra el Nou Túria (5-3)
[IB3 Notícies] L’arannà ofereix ‘Turmarí’ a Palma
[IB3 Notícies] Investiguen la troballa d’uns cadàvers a Alacant com un possible crim de violència de gènere
[IB3 Notícies] Lloguer per habitacions: l’única via per accedir a un habitatge per a molts de ciutadans
[IB3 Notícies] Cinc detenguts a Eivissa i tres a Mallorca durant una operació contra el robatori de rellotges de luxe
[IB3 Notícies] Les platges des Mercadal continuen sense socorrisme
[IB3 Notícies] La venda directa als llocs de Menorca fa que el producte sigui més econòmic
[IB3 Notícies] El Club Bàdminton Maó és nou equip de Primera Or
[IB3 Notícies] Comencen les mobilitzacions contra l’aparcament de sa Real, a Vila
[IB3 Notícies] Hotelers i empresaris de Formentera, preocupats per la reducció del servei de gandules i para-sols
[IB3 Notícies] L’augment de preus fa que algunes persones es privin de comprar producte fresc
[IB3 Notícies] Més de 9.000 persones de les Balears tenen una riquesa que supera els 700.000 euros, que es concentren sobretot en capital financer
[Ara Balears] Oposicions docents avançades al maig: "Una professora amb una filla petita n'ha desistit"
[Ara Balears] Menorca impulsa la compra d’edificis buits
[Ara Balears] Què escriuen ara els autors de les Illes?
[Ara Balears] Els escriptors illencs també s’apunten al ‘boom’ de la no ficció
[Ara Balears] Ja heu acabat la sèrie o encara no l’heu començada?
[Ara Balears] Un banquet per als sentits
[Ara Balears] Detinguts una mare i un pare acusats de maltractar els seus fills menors a Palma
[Ara Balears] Mallorquins i catalans: una amistat perillosa?
[Ara Balears] Els mallorquins que feren la guerra en bici
[Ara Balears] Palma recorda la Nakba amb una concentració de suport al poble palestí
[Ara Balears] “M’agradaria que ‘Enlloc’ servís per reflexionar sobre la prepotència dels governants”
[Ara Balears] Detenen a Palma un policia canadenc acusat d’una agressió sexual a Barcelona
[Ara Balears] El sector pagès reivindica a Lloret que Mallorca podria produir més aliments “si no es posassin entrebancs al camp”
[Ara Balears] Fina Santiago diu 'no' a Apesteguia: la cursa de candidats de MÉS per Mallorca
[Ara Balears] Aquests són els serveis mínims de la vaga mèdica a les Balears del 18 al 22 de maig
[Ara Balears] El Consell de Mallorca impulsarà un estudi sobre la capacitat de càrrega poblacional de l’illa
[Ara Balears] Cadàvers acumulats i manca de recursos: l’Institut Forense de les Balears, al límit
[Ara Balears] L'Encruia
[Ara Balears] Quin GOB volem? Carta oberta a la base social
[Ara Balears] "El relleu generacional serà complicat, els meus fills no ho volen agafar"
[Ara Balears] "Fer els deures amb espelmes encara forma part de la vida de molta gent"
[Ara Balears] Francisca Truyol, Eusèbia Rayó, Miquel Àngel Suau i Joan Veny i Clar, entre els guardonats als premis de Maig de l'OCB Inca
[Ara Balears] A punt per a un grandíssim periple?
[Ara Balears] Biniali, un passeig llarg i sentit per un pèlag de vinyes
[Ara Balears] Les serps invasores ja ocupen el 90% d’Eivissa i amenacen d'extingir la sargantana pitiüsa
[Ara Balears] Palma com a símptoma
[Ara Balears] Westminster i la comèdia d'embolics: és el Regne Unit un país ingovernable?
[Ara Balears] Israel i el Líban allarguen 45 dies un alto el foc virtual
[Ara Balears] "La Xina busca que els EUA quedin arraconats pels seus propis errors"
[Ara Balears] Som periodistes, però ens tracten com criminals
[Ara Balears] Fades, pregoneres de la Fira del Llibre de Palma
[Ara Balears] "Si no escoltes música en català, és un problema personal"
[Ara Balears] Petons elèctrics al Festival de Canes
[Ara Balears] El Casal de Perpinyà farà tres xerrades a Mallorca sobre la realitat de la Catalunya Nord
[Ara Balears] MÉS dona el sus a les primàries per escollir els candidats al Consell i al Parlament
[Ara Balears] Marlaska defensa la cooperació internacional per reduir les pasteres a les Illes: "És un repte"
[Ara Balears] Finalitza la primera fase de les obres de millora del Pla renove del Secar de la Real
[Ara Balears] Presó provisional per a l'agressor d'una pacient hospitalitzada a Can Misses
[Ara Balears] Més de 200 centres educatius participaran en la cantada simultània de 'La Balanguera'
[Ara Balears] Front comú contra el PP per les mesures que amenacen l'escola en català
[Ara Balears] Les Auxiliars Tècniques Educatives (ATE) esclaten contra la precarietat: “Ja n'hi ha prou”
[Ara Balears] Martínez i el seu intent de no fer pisos socials
[Ara Balears] Contra la cancel·lació del futur, la reivindicació del desig
[Ara Balears] Nadal inaugura el nou museu a Manacor: "És un viatge íntim per la meva vida"
[Manacor Comarcal] «Kubala, 1950», per Joan Llodrà
[Manacor Comarcal] «Se pensen que som beneits», per Jaume Rigo
[Manacor Comarcal] «Mi equipo no cobra nómina», por Jordi Skynet
[Manacor Comarcal] “Necessitam límits, i aquest Govern no en posa”
[Via Empresa] Des de Grècia: un paradís que va dir prou a un tipus de turisme ben acollit a Europa
[Via Empresa] Un nou món comercial per a les empreses catalanes
[Via Empresa] Martí Bravo (CaixaGuissona): "La banca ha sobrepassat els límits amb les hipoteques"
[Via Empresa] Arquetips de venda: redibuixant el paper de l'humà
[Via Empresa] El col·lapse econòmic enfonsa la hipèrbole anarcocapitalista de Milei
[Via Empresa] Campions: el Barça aconsegueix el seu 29è títol... o potser el 37è?
[Via Empresa] Dasler, l'art barceloní de llogar, celebrar i retornar des del 1961
[Via Empresa] Píndola filosòfica: Canvis de codi postal
[Via Empresa] Catalunya "es dessagna" amb un model econòmic "insostenible": "No necessitem solucions de bisturí"
[Via Empresa] El nou Pla d'Usos de Ciutat Vella regula salons de manicura i clubs cannàbics
[Via Empresa] La Junta General de Grifols votarà la possibilitat d'ampliar el capital en un 50%
[Via Empresa] La compravenda d'habitatges a Catalunya baixa un 8,4% interanual al febrer
